#0 building with "desktop-linux" instance using docker driver

#1 [internal] load build definition from Dockerfile
#1 transferring dockerfile: 2.61kB done
#1 DONE 0.0s

#2 [internal] load metadata for docker.io/library/node:20-slim
#2 ...

#3 [auth] library/node:pull token for registry-1.docker.io
#3 DONE 0.0s

#2 [internal] load metadata for docker.io/library/node:20-slim
#2 DONE 0.6s

#4 [internal] load .dockerignore
#4 transferring context: 445B done
#4 DONE 0.0s

#5 [base 1/2] FROM docker.io/library/node:20-slim@sha256:f679d7699517426eb148a5698c717477fd3f8a48f6c1eaf771e390a9bb8268c8
#5 resolve docker.io/library/node:20-slim@sha256:f679d7699517426eb148a5698c717477fd3f8a48f6c1eaf771e390a9bb8268c8 done
#5 DONE 0.0s

#6 [base 2/2] RUN apt-get update && apt-get install -y   build-essential   python3   libvips-dev   git   bash   ca-certificates   curl &&   rm -rf /var/lib/apt/lists/*
#6 CACHED

#7 [runner  1/10] RUN apt-get update && apt-get install -y bash && rm -rf /var/lib/apt/lists/*
#7 CACHED

#8 [runner  2/10] RUN addgroup --system --gid 1001 nodejs &&     adduser --system --uid 1001 nodejs
#8 CACHED

#9 [runner  3/10] WORKDIR /app
#9 CACHED

#10 [internal] load build context
#10 transferring context: 309.62kB 0.1s done
#10 DONE 0.1s

#11 [builder 1/4] WORKDIR /app
#11 CACHED

#12 [builder 2/4] COPY . .
#12 DONE 1.1s

#13 [builder 3/4] RUN npm install -g turbo@^1.9.3
#13 3.014 
#13 3.014 added 2 packages in 2s
#13 3.016 npm notice
#13 3.016 npm notice New major version of npm available! 10.8.2 -> 11.6.1
#13 3.016 npm notice Changelog: https://github.com/npm/cli/releases/tag/v11.6.1
#13 3.016 npm notice To update run: npm install -g npm@11.6.1
#13 3.016 npm notice
#13 DONE 3.1s

#14 [builder 4/4] RUN turbo prune --scope=@documenso/remix --docker
#14 0.466 
#14 0.466 Attention:
#14 0.466 Turborepo now collects completely anonymous telemetry regarding usage.
#14 0.466 This information is used to shape the Turborepo roadmap and prioritize features.
#14 0.466 You can learn more, including how to opt-out if you'd not like to participate in this anonymous program, by visiting the following URL:
#14 0.466 https://turbo.build/repo/docs/telemetry
#14 0.466 
#14 0.640 Generating pruned monorepo for @documenso/remix in /app/out
#14 0.645  - Added @documenso/api
#14 0.661  - Added @documenso/assets
#14 0.662  - Added @documenso/auth
#14 0.663  - Added @documenso/ee
#14 0.665  - Added @documenso/email
#14 0.674  - Added @documenso/lib
#14 0.682  - Added @documenso/prisma
#14 0.696  - Added @documenso/remix
#14 0.696  - Added @documenso/signing
#14 0.696  - Added @documenso/tailwind-config
#14 0.698  - Added @documenso/trpc
#14 0.698  - Added @documenso/tsconfig
#14 0.701  - Added @documenso/ui
#14 DONE 1.1s

#15 [installer  2/18] COPY --from=builder /app/out/json/ ./
#15 CACHED

#16 [installer  3/18] COPY --from=builder /app/out/package-lock.json ./package-lock.json
#16 CACHED

#17 [installer  4/18] COPY --from=builder /app/lingui.config.ts ./lingui.config.ts
#17 CACHED

#18 [installer  5/18] COPY --from=builder /app/turbo.json ./turbo.json
#18 CACHED

#19 [installer  6/18] COPY --from=builder /app/apps ./apps
#19 DONE 0.1s

#20 [installer  7/18] COPY --from=builder /app/packages ./packages
#20 DONE 0.1s

#21 [installer  8/18] RUN ls -la /app/apps/remix/app
#21 0.152 total 56
#21 0.152 drwxr-xr-x  8 root root 4096 Oct  7 22:27 .
#21 0.152 drwxr-xr-x  1 root root 4096 Oct  7 23:11 ..
#21 0.152 -rw-r--r--  1 root root  467 Oct  7 22:27 app.css
#21 0.152 drwxr-xr-x  7 root root 4096 Oct  7 22:27 components
#21 0.152 -rw-r--r--  1 root root 1177 Oct  7 22:27 entry.client.tsx
#21 0.152 -rw-r--r--  1 root root 2938 Oct  7 22:27 entry.server.tsx
#21 0.152 drwxr-xr-x  2 root root 4096 Oct  7 22:27 providers
#21 0.152 -rw-r--r--  1 root root 5449 Oct  7 22:27 root.tsx
#21 0.152 drwxr-xr-x 11 root root 4096 Oct  7 22:27 routes
#21 0.152 -rw-r--r--  1 root root  560 Oct  7 22:27 routes.ts
#21 0.152 drwxr-xr-x  2 root root 4096 Oct  7 22:27 storage
#21 0.152 drwxr-xr-x  2 root root 4096 Oct  7 22:27 types
#21 0.152 drwxr-xr-x  2 root root 4096 Oct  7 22:27 utils
#21 DONE 0.2s

#22 [installer  9/18] RUN npm install
#22 35.81 npm warn EBADENGINE Unsupported engine {
#22 35.81 npm warn EBADENGINE   package: '@documenso/root@1.10.3',
#22 35.81 npm warn EBADENGINE   required: { npm: '>=10.7.0', node: '>=22.0.0' },
#22 35.81 npm warn EBADENGINE   current: { node: 'v20.19.5', npm: '10.8.2' }
#22 35.81 npm warn EBADENGINE }
#22 46.40 npm warn deprecated read-package-json@6.0.4: This package is no longer supported. Please use @npmcli/package-json instead.
#22 49.83 npm warn deprecated oslo@0.17.0: Package is no longer supported. Please see https://oslojs.dev for the successor project.
#22 50.26 npm warn deprecated npmlog@6.0.2: This package is no longer supported.
#22 51.70 npm warn deprecated lodash.get@4.4.2: This package is deprecated. Use the optional chaining (?.) operator instead.
#22 53.55 npm warn deprecated inflight@1.0.6: This module is not supported, and leaks memory. Do not use it. Check out lru-cache if you want a good and tested way to coalesce async requests by a key value, which is much more comprehensive and powerful.
#22 54.29 npm warn deprecated glob@7.2.3: Glob versions prior to v9 are no longer supported
#22 54.48 npm warn deprecated gauge@4.0.4: This package is no longer supported.
#22 54.49 npm warn deprecated fstream@1.0.12: This package is no longer supported.
#22 58.16 npm warn deprecated eslint@8.57.1: This version is no longer supported. Please see https://eslint.org/version-support for other options.
#22 58.50 npm warn deprecated are-we-there-yet@3.0.1: This package is no longer supported.
#22 65.52 npm warn deprecated @npmcli/move-file@2.0.1: This functionality has been moved to @npmcli/fs
#22 66.56 npm warn deprecated @humanwhocodes/object-schema@2.0.3: Use @eslint/object-schema instead
#22 66.60 npm warn deprecated @humanwhocodes/config-array@0.13.0: Use @eslint/config-array instead
#22 70.70 npm warn deprecated glob@8.0.3: Glob versions prior to v9 are no longer supported
#22 78.63 npm warn deprecated rimraf@3.0.2: Rimraf versions prior to v4 are no longer supported
#22 78.85 npm warn deprecated glob@8.1.0: Glob versions prior to v9 are no longer supported
#22 80.16 npm warn deprecated rimraf@2.7.1: Rimraf versions prior to v4 are no longer supported
#22 80.19 npm warn deprecated rimraf@3.0.2: Rimraf versions prior to v4 are no longer supported
#22 80.94 npm warn deprecated rimraf@3.0.2: Rimraf versions prior to v4 are no longer supported
#22 88.80 npm warn deprecated rimraf@3.0.2: Rimraf versions prior to v4 are no longer supported
#22 88.86 npm warn deprecated glob@8.1.0: Glob versions prior to v9 are no longer supported
#22 89.25 npm warn deprecated rimraf@3.0.2: Rimraf versions prior to v4 are no longer supported
#22 89.34 npm warn deprecated rimraf@3.0.2: Rimraf versions prior to v4 are no longer supported
#22 89.36 npm warn deprecated glob@7.1.7: Glob versions prior to v9 are no longer supported
#22 89.39 npm warn deprecated npmlog@5.0.1: This package is no longer supported.
#22 89.53 npm warn deprecated are-we-there-yet@2.0.0: This package is no longer supported.
#22 90.04 npm warn deprecated gauge@3.0.2: This package is no longer supported.
#22 169.3 
#22 169.3 > @documenso/root@1.10.3 prepare
#22 169.3 > echo 'Skipping husky in Docker build'
#22 169.3 
#22 169.3 Skipping husky in Docker build
#22 169.3 
#22 169.3 added 2908 packages, and audited 2927 packages in 3m
#22 169.3 
#22 169.3 567 packages are looking for funding
#22 169.3   run `npm fund` for details
#22 169.7 
#22 169.7 67 vulnerabilities (10 low, 30 moderate, 20 high, 7 critical)
#22 169.7 
#22 169.7 To address issues that do not require attention, run:
#22 169.7   npm audit fix
#22 169.7 
#22 169.7 To address all issues possible (including breaking changes), run:
#22 169.7   npm audit fix --force
#22 169.7 
#22 169.7 Some issues need review, and may require choosing
#22 169.7 a different dependency.
#22 169.7 
#22 169.7 Run `npm audit` for details.
#22 169.7 npm notice
#22 169.7 npm notice New major version of npm available! 10.8.2 -> 11.6.1
#22 169.7 npm notice Changelog: https://github.com/npm/cli/releases/tag/v11.6.1
#22 169.7 npm notice To update run: npm install -g npm@11.6.1
#22 169.7 npm notice
#22 DONE 170.3s

#23 [installer 10/18] RUN npx turbo run build --filter=!@documenso/remix...
#23 1.993 
#23 1.993 Attention:
#23 1.993 Turborepo now collects completely anonymous telemetry regarding usage.
#23 1.993 This information is used to shape the Turborepo roadmap and prioritize features.
#23 1.993 You can learn more, including how to opt-out if you'd not like to participate in this anonymous program, by visiting the following URL:
#23 1.993 https://turbo.build/repo/docs/telemetry
#23 1.993 
#23 2.254 • Packages in scope: @documenso/app-tests, @documenso/documentation, @documenso/eslint-config, @documenso/openpage-api, @documenso/prettier-config
#23 2.254 • Running build in 5 packages
#23 2.254 • Remote caching disabled
#23 2.735 @documenso/prisma:prebuild: cache bypass, force executing 7fe204257b79335b
#23 3.367 @documenso/prisma:prebuild: 
#23 3.367 @documenso/prisma:prebuild: > @documenso/prisma@0.0.0 prebuild
#23 3.367 @documenso/prisma:prebuild: > prisma generate
#23 3.367 @documenso/prisma:prebuild: 
#23 4.537 @documenso/prisma:prebuild: Prisma schema loaded from schema.prisma
#23 14.36 @documenso/prisma:prebuild: 
#23 14.36 @documenso/prisma:prebuild: ✔ Generated Kysely types (1.8.0) to ./generated in 299ms
#23 14.36 @documenso/prisma:prebuild: 
#23 14.36 @documenso/prisma:prebuild: ✔ Generated Prisma Client (v5.22.0) to ./../../node_modules/@prisma/client in 564ms
#23 14.36 @documenso/prisma:prebuild: 
#23 14.36 @documenso/prisma:prebuild: ✔ Generated Prisma Json Types Generator (3.2.2) to ./ in 4.09s
#23 14.36 @documenso/prisma:prebuild: 
#23 14.36 @documenso/prisma:prebuild: ✔ Generated Zod Prisma Types to ./generated/zod in 1.52s
#23 14.36 @documenso/prisma:prebuild: 
#23 14.36 @documenso/prisma:prebuild: Start by importing your Prisma Client (See: https://pris.ly/d/importing-client)
#23 14.36 @documenso/prisma:prebuild: 
#23 14.36 @documenso/prisma:prebuild: Tip: Easily identify and fix slow SQL queries in your app. Optimize helps you enhance your visibility: https://pris.ly/--optimize
#23 14.36 @documenso/prisma:prebuild: 
#23 14.68 @documenso/prisma:build: cache miss, executing 20ff3b8cd5bbade0
#23 15.48 @documenso/prisma:build: 
#23 15.48 @documenso/prisma:build: > @documenso/prisma@0.0.0 prebuild
#23 15.48 @documenso/prisma:build: > prisma generate
#23 15.48 @documenso/prisma:build: 
#23 16.68 @documenso/prisma:build: Prisma schema loaded from schema.prisma
#23 23.42 @documenso/prisma:build: 
#23 23.42 @documenso/prisma:build: ✔ Generated Kysely types (1.8.0) to ./generated in 207ms
#23 23.42 @documenso/prisma:build: 
#23 23.42 @documenso/prisma:build: ✔ Generated Prisma Client (v5.22.0) to ./../../node_modules/@prisma/client in 490ms
#23 23.42 @documenso/prisma:build: 
#23 23.42 @documenso/prisma:build: ✔ Generated Prisma Json Types Generator (3.2.2) to ./ in 2.65s
#23 23.42 @documenso/prisma:build: 
#23 23.42 @documenso/prisma:build: ✔ Generated Zod Prisma Types to ./generated/zod in 937ms
#23 23.42 @documenso/prisma:build: 
#23 23.42 @documenso/prisma:build: Start by importing your Prisma Client (See: https://pris.ly/d/importing-client)
#23 23.42 @documenso/prisma:build: 
#23 23.42 @documenso/prisma:build: Tip: Interested in query caching in just a few lines of code? Try Accelerate today! https://pris.ly/tip-3-accelerate
#23 23.42 @documenso/prisma:build: 
#23 23.45 @documenso/prisma:build: ┌─────────────────────────────────────────────────────────┐
#23 23.45 @documenso/prisma:build: │  Update available 5.22.0 -> 6.17.0                      │
#23 23.45 @documenso/prisma:build: │                                                         │
#23 23.45 @documenso/prisma:build: │  This is a major update - please follow the guide at    │
#23 23.45 @documenso/prisma:build: │  https://pris.ly/d/major-version-upgrade                │
#23 23.45 @documenso/prisma:build: │                                                         │
#23 23.45 @documenso/prisma:build: │  Run the following to update                            │
#23 23.45 @documenso/prisma:build: │    npm i --save-dev prisma@latest                       │
#23 23.45 @documenso/prisma:build: │    npm i @prisma/client@latest                          │
#23 23.45 @documenso/prisma:build: └─────────────────────────────────────────────────────────┘
#23 23.65 @documenso/prisma:build: 
#23 23.65 @documenso/prisma:build: > @documenso/prisma@0.0.0 build
#23 23.65 @documenso/prisma:build: > prisma generate
#23 23.65 @documenso/prisma:build: 
#23 25.32 @documenso/prisma:build: Prisma schema loaded from schema.prisma
#23 33.59 @documenso/prisma:build: 
#23 33.59 @documenso/prisma:build: ✔ Generated Kysely types (1.8.0) to ./generated in 226ms
#23 33.59 @documenso/prisma:build: 
#23 33.59 @documenso/prisma:build: ✔ Generated Prisma Client (v5.22.0) to ./../../node_modules/@prisma/client in 526ms
#23 33.59 @documenso/prisma:build: 
#23 33.59 @documenso/prisma:build: ✔ Generated Prisma Json Types Generator (3.2.2) to ./ in 2.69s
#23 33.59 @documenso/prisma:build: 
#23 33.59 @documenso/prisma:build: ✔ Generated Zod Prisma Types to ./generated/zod in 903ms
#23 33.59 @documenso/prisma:build: 
#23 33.59 @documenso/prisma:build: Start by importing your Prisma Client (See: https://pris.ly/d/importing-client)
#23 33.59 @documenso/prisma:build: 
#23 33.59 @documenso/prisma:build: Tip: Easily identify and fix slow SQL queries in your app. Optimize helps you enhance your visibility: https://pris.ly/--optimize
#23 33.59 @documenso/prisma:build: 
#23 33.87 @documenso/openpage-api:build: cache miss, executing c535bae3f44ce233
#23 33.87 @documenso/documentation:build: cache miss, executing d1c0982a758def51
#23 34.51 @documenso/openpage-api:build: 
#23 34.51 @documenso/openpage-api:build: > @documenso/openpage-api@1.0.0 build
#23 34.51 @documenso/openpage-api:build: > next build
#23 34.51 @documenso/openpage-api:build: 
#23 34.52 @documenso/documentation:build: 
#23 34.52 @documenso/documentation:build: > @documenso/documentation@0.1.0 build
#23 34.52 @documenso/documentation:build: > next build
#23 34.52 @documenso/documentation:build: 
#23 35.81 @documenso/openpage-api:build: Attention: Next.js now collects completely anonymous telemetry regarding usage.
#23 35.81 @documenso/openpage-api:build: This information is used to shape Next.js' roadmap and prioritize features.
#23 35.81 @documenso/openpage-api:build: You can learn more, including how to opt-out if you'd not like to participate in this anonymous program, by visiting the following URL:
#23 35.81 @documenso/openpage-api:build: https://nextjs.org/telemetry
#23 35.81 @documenso/openpage-api:build: 
#23 35.96 @documenso/openpage-api:build:   ▲ Next.js 14.2.6
#23 35.96 @documenso/openpage-api:build: 
#23 35.97 @documenso/documentation:build:   ▲ Next.js 14.2.6
#23 35.97 @documenso/documentation:build: 
#23 35.97 @documenso/documentation:build:    Linting and checking validity of types ...
#23 36.12 @documenso/openpage-api:build:    Creating an optimized production build ...
#23 44.69 @documenso/documentation:build:    Creating an optimized production build ...
#23 47.70 @documenso/documentation:build: [nextra] Init git repository failed Discover git repo from [/app/apps/documentation] failed: could not find repository at '/app/apps/documentation'; class=Repository (6); code=NotFound (-3)
#23 52.45 @documenso/openpage-api:build:  ✓ Compiled successfully
#23 52.46 @documenso/openpage-api:build:    Linting and checking validity of types ...
#23 64.36 @documenso/openpage-api:build:    Collecting page data ...
#23 66.95 @documenso/openpage-api:build:    Generating static pages (0/21) ...
#23 67.89 @documenso/openpage-api:build:    Generating static pages (5/21) 
#23 68.17 @documenso/openpage-api:build:    Generating static pages (10/21) 
#23 68.17 @documenso/openpage-api:build:    Generating static pages (15/21) 
#23 68.42 @documenso/openpage-api:build:  ✓ Generating static pages (21/21)
#23 68.73 @documenso/openpage-api:build:    Finalizing page optimization ...
#23 68.73 @documenso/openpage-api:build:    Collecting build traces ...
#23 71.43 @documenso/documentation:build: Browserslist: browsers data (caniuse-lite) is 9 months old. Please run:
#23 71.43 @documenso/documentation:build:   npx update-browserslist-db@latest
#23 71.43 @documenso/documentation:build:   Why you should do it regularly: https://github.com/browserslist/update-db#readme
#23 72.92 @documenso/documentation:build: 
#23 72.92 @documenso/documentation:build: warn - The utility `before:[background:linear-gradient(var(--card-gradient-degrees),theme(colors.primary.DEFAULT/50%)_5%,theme(colors.border/80%)_30%)]` contains an invalid theme value and was not generated.
#23 82.41 @documenso/openpage-api:build: 
#23 82.42 @documenso/openpage-api:build: Route (app)                               Size     First Load JS
#23 82.42 @documenso/openpage-api:build: ┌ ƒ /                                     0 B                0 B
#23 82.42 @documenso/openpage-api:build: ├ ƒ /community                            0 B                0 B
#23 82.42 @documenso/openpage-api:build: ├ ƒ /community/total-forks                0 B                0 B
#23 82.42 @documenso/openpage-api:build: ├ ƒ /community/total-issues               0 B                0 B
#23 82.42 @documenso/openpage-api:build: ├ ƒ /community/total-prs                  0 B                0 B
#23 82.42 @documenso/openpage-api:build: ├ ƒ /community/total-stars                0 B                0 B
#23 82.42 @documenso/openpage-api:build: ├ ƒ /github                               0 B                0 B
#23 82.42 @documenso/openpage-api:build: ├ ƒ /github/forks                         0 B                0 B
#23 82.42 @documenso/openpage-api:build: ├ ƒ /github/issues                        0 B                0 B
#23 82.42 @documenso/openpage-api:build: ├ ƒ /github/prs                           0 B                0 B
#23 82.42 @documenso/openpage-api:build: ├ ƒ /github/stars                         0 B                0 B
#23 82.42 @documenso/openpage-api:build: ├ ƒ /growth                               0 B                0 B
#23 82.42 @documenso/openpage-api:build: ├ ƒ /growth/completed-documents           0 B                0 B
#23 82.42 @documenso/openpage-api:build: ├ ƒ /growth/new-users                     0 B                0 B
#23 82.42 @documenso/openpage-api:build: ├ ƒ /growth/signer-conversion             0 B                0 B
#23 82.42 @documenso/openpage-api:build: ├ ƒ /growth/total-completed-documents     0 B                0 B
#23 82.42 @documenso/openpage-api:build: ├ ƒ /growth/total-customers               0 B                0 B
#23 82.42 @documenso/openpage-api:build: ├ ƒ /growth/total-signer-conversion       0 B                0 B
#23 82.42 @documenso/openpage-api:build: └ ƒ /growth/total-users                   0 B                0 B
#23 82.42 @documenso/openpage-api:build: + First Load JS shared by all             0 B
#23 82.42 @documenso/openpage-api:build: 
#23 82.42 @documenso/openpage-api:build: Route (pages)                             Size     First Load JS
#23 82.42 @documenso/openpage-api:build: ─ ○ /404                                  180 B          79.1 kB
#23 82.42 @documenso/openpage-api:build: + First Load JS shared by all             79 kB
#23 82.42 @documenso/openpage-api:build:   ├ chunks/framework-3664cab31236a9fa.js  45.2 kB
#23 82.42 @documenso/openpage-api:build:   ├ chunks/main-61e60d83a6e0d394.js       32.2 kB
#23 82.42 @documenso/openpage-api:build:   └ other shared chunks (total)           1.63 kB
#23 82.42 @documenso/openpage-api:build: 
#23 82.42 @documenso/openpage-api:build: ○  (Static)   prerendered as static content
#23 82.42 @documenso/openpage-api:build: ƒ  (Dynamic)  server-rendered on demand
#23 82.42 @documenso/openpage-api:build: 
#23 90.38 @documenso/documentation:build: Browserslist: caniuse-lite is outdated. Please run:
#23 90.38 @documenso/documentation:build:   npx update-browserslist-db@latest
#23 90.38 @documenso/documentation:build:   Why you should do it regularly: https://github.com/browserslist/update-db#readme
#23 94.57 @documenso/documentation:build:  ✓ Compiled successfully
#23 94.57 @documenso/documentation:build:    Collecting page data ...
#23 97.64 @documenso/documentation:build:    Generating static pages (0/50) ...
#23 99.15 @documenso/documentation:build:    Generating static pages (12/50) 
#23 100.4 @documenso/documentation:build:    Generating static pages (24/50) 
#23 100.6 @documenso/documentation:build:    Generating static pages (37/50) 
#23 100.9 @documenso/documentation:build:  ✓ Generating static pages (50/50)
#23 122.9 @documenso/documentation:build:    Finalizing page optimization ...
#23 122.9 @documenso/documentation:build:    Collecting build traces ...
#23 131.5 @documenso/documentation:build: 
#23 131.5 @documenso/documentation:build: Route (pages)                                                    Size     First Load JS
#23 131.5 @documenso/documentation:build: ┌ ○ /                                                            2.78 kB         224 kB
#23 131.5 @documenso/documentation:build: ├   /_app                                                        0 B             178 kB
#23 131.5 @documenso/documentation:build: ├ ○ /404                                                         183 B           179 kB
#23 131.5 @documenso/documentation:build: ├ ○ /developers                                                  763 B           183 kB
#23 131.5 @documenso/documentation:build: ├ ○ /developers/contributing                                     2.84 kB         185 kB
#23 131.5 @documenso/documentation:build: ├ ○ /developers/contributing/contributing-translations (303 ms)  2.13 kB         184 kB
#23 131.5 @documenso/documentation:build: ├ ○ /developers/embedding (328 ms)                               4.84 kB         187 kB
#23 131.5 @documenso/documentation:build: ├ ○ /developers/embedding/angular                                2.05 kB         184 kB
#23 131.5 @documenso/documentation:build: ├ ○ /developers/embedding/authoring                              3.57 kB         186 kB
#23 131.5 @documenso/documentation:build: ├ ○ /developers/embedding/css-variables                          3.74 kB         186 kB
#23 131.5 @documenso/documentation:build: ├ ○ /developers/embedding/preact                                 2.43 kB         185 kB
#23 131.5 @documenso/documentation:build: ├ ○ /developers/embedding/react                                  2.45 kB         185 kB
#23 131.5 @documenso/documentation:build: ├ ○ /developers/embedding/solid (305 ms)                         2.43 kB         185 kB
#23 131.5 @documenso/documentation:build: ├ ○ /developers/embedding/svelte (310 ms)                        2.49 kB         185 kB
#23 131.5 @documenso/documentation:build: ├ ○ /developers/embedding/vue                                    2.54 kB         185 kB
#23 131.5 @documenso/documentation:build: ├ ○ /developers/local-development                                1.57 kB         184 kB
#23 131.5 @documenso/documentation:build: ├ ○ /developers/local-development/gitpod                         699 B           183 kB
#23 131.5 @documenso/documentation:build: ├ ○ /developers/local-development/manual                         1.82 kB         184 kB
#23 131.5 @documenso/documentation:build: ├ ○ /developers/local-development/quickstart                     1.84 kB         184 kB
#23 131.5 @documenso/documentation:build: ├ ○ /developers/local-development/signing-certificate            2.02 kB         184 kB
#23 131.5 @documenso/documentation:build: ├ ○ /developers/local-development/translations                   2.25 kB         184 kB
#23 131.5 @documenso/documentation:build: ├ ○ /developers/public-api                                       1.48 kB         184 kB
#23 131.5 @documenso/documentation:build: ├ ○ /developers/public-api/authentication                        2.69 kB         185 kB
#23 131.5 @documenso/documentation:build: ├ ○ /developers/public-api/reference                             10.4 kB         193 kB
#23 131.5 @documenso/documentation:build: ├ ○ /developers/public-api/versioning                            1.04 kB         183 kB
#23 131.5 @documenso/documentation:build: ├ ○ /developers/self-hosting                                     3.78 kB         225 kB
#23 131.5 @documenso/documentation:build: ├ ○ /developers/self-hosting/how-to                              8.64 kB         230 kB
#23 131.5 @documenso/documentation:build: ├ ○ /developers/self-hosting/setting-up-oauth-providers          1.45 kB         184 kB
#23 131.5 @documenso/documentation:build: ├ ○ /developers/self-hosting/signing-certificate                 2.5 kB          185 kB
#23 131.5 @documenso/documentation:build: ├ ○ /developers/webhooks                                         8.38 kB         191 kB
#23 131.5 @documenso/documentation:build: ├ ○ /users                                                       701 B           183 kB
#23 131.5 @documenso/documentation:build: ├ ○ /users/compliance/signature-levels                           2.59 kB         185 kB
#23 131.5 @documenso/documentation:build: ├ ○ /users/compliance/standards-and-regulations                  1.6 kB          184 kB
#23 131.5 @documenso/documentation:build: ├ ○ /users/direct-links                                          1.87 kB         184 kB
#23 131.5 @documenso/documentation:build: ├ ○ /users/fair-use                                              1.55 kB         184 kB
#23 131.5 @documenso/documentation:build: ├ ○ /users/get-started/account-creation                          1.27 kB         184 kB
#23 131.5 @documenso/documentation:build: ├ ○ /users/get-started/account-security                          2.51 kB         185 kB
#23 131.5 @documenso/documentation:build: ├ ○ /users/get-started/teams                                     2.69 kB         185 kB
#23 131.5 @documenso/documentation:build: ├ ○ /users/licenses                                              986 B           183 kB
#23 131.5 @documenso/documentation:build: ├ ○ /users/licenses/community-edition                            1.93 kB         184 kB
#23 131.5 @documenso/documentation:build: ├ ○ /users/licenses/enterprise-edition                           1.06 kB         183 kB
#23 131.5 @documenso/documentation:build: ├ ○ /users/profile                                               2.21 kB         184 kB
#23 131.5 @documenso/documentation:build: ├ ○ /users/signing-documents                                     4.05 kB         186 kB
#23 131.5 @documenso/documentation:build: ├ ○ /users/signing-documents/fields                              5.65 kB         188 kB
#23 131.5 @documenso/documentation:build: ├ ○ /users/support                                               1.3 kB          184 kB
#23 131.5 @documenso/documentation:build: ├ ○ /users/teams/branding-preferences                            1.12 kB         183 kB
#23 131.5 @documenso/documentation:build: ├ ○ /users/teams/document-visibility                             1.89 kB         184 kB
#23 131.5 @documenso/documentation:build: ├ ○ /users/teams/preferences                                     1.44 kB         184 kB
#23 131.5 @documenso/documentation:build: ├ ○ /users/teams/sender-details                                  800 B           183 kB
#23 131.5 @documenso/documentation:build: └ ○ /users/templates                                             2.98 kB         185 kB
#23 131.5 @documenso/documentation:build: + First Load JS shared by all                                    201 kB
#23 131.5 @documenso/documentation:build:   ├ chunks/framework-cce962d7bbc37f91.js                         45.2 kB
#23 131.5 @documenso/documentation:build:   ├ chunks/main-1abc2d429b5ceb44.js                              36.6 kB
#23 131.5 @documenso/documentation:build:   ├ chunks/pages/_app-5ff4d40231ef0abe.js                        95.6 kB
#23 131.5 @documenso/documentation:build:   ├ css/a12a768c73640b05.css                                     22.7 kB
#23 131.5 @documenso/documentation:build:   └ other shared chunks (total)                                  1.01 kB
#23 131.5 @documenso/documentation:build: 
#23 131.5 @documenso/documentation:build: ○  (Static)  prerendered as static content
#23 131.5 @documenso/documentation:build: 
#23 131.6 
#23 131.6  Tasks:    4 successful, 4 total
#23 131.6 Cached:    0 cached, 4 total
#23 131.6   Time:    2m9.552s 
#23 131.6 
#23 DONE 132.1s

#24 [installer 11/18] WORKDIR /app/apps/remix
#24 DONE 0.0s

#25 [installer 12/18] RUN npm install -g dotenv-cli
#25 1.366 
#25 1.366 added 11 packages in 940ms
#25 1.366 
#25 1.366 4 packages are looking for funding
#25 1.366   run `npm fund` for details
#25 DONE 1.4s

#26 [installer 13/18] RUN npm run build:app
#26 0.577 
#26 0.577 > @documenso/remix@1.10.3 build:app
#26 0.577 > npm run typecheck && cross-env NODE_ENV=production react-router build
#26 0.577 
#26 1.051 
#26 1.051 > @documenso/remix@1.10.3 typecheck
#26 1.051 > react-router typegen && tsc
#26 1.051 
#26 91.74 vite v6.1.0 building for production...
#26 92.78 transforming...
#26 108.7 Browserslist: browsers data (caniuse-lite) is 9 months old. Please run:
#26 108.7   npx update-browserslist-db@latest
#26 108.7   Why you should do it regularly: https://github.com/browserslist/update-db#readme
#26 165.3 ../../packages/ui/primitives/multiselect.tsx (2:0): Error when using sourcemap for reporting an error: Can't resolve original location of error.
#26 193.2 [plugin vite:resolve] Module "node:https" has been externalized for browser compatibility, imported by "/app/node_modules/pdfjs-dist/build/pdf.js". See https://vite.dev/guide/troubleshooting.html#module-externalized-for-browser-compatibility for more details.
#26 193.2 [plugin vite:resolve] Module "node:https" has been externalized for browser compatibility, imported by "/app/node_modules/pdfjs-dist/build/pdf.js". See https://vite.dev/guide/troubleshooting.html#module-externalized-for-browser-compatibility for more details.
#26 216.0 ../../node_modules/pdfjs-dist/build/pdf.js (1982:23): Use of eval in "../../node_modules/pdfjs-dist/build/pdf.js" is strongly discouraged as it poses security risks and may cause issues with minification.
#26 255.2 ✓ 3702 modules transformed.
#26 256.2 Generated an empty chunk: "_index".
#26 262.4 Generated an empty chunk: "_index".
#26 262.4 Generated an empty chunk: "_index".
#26 262.4 Generated an empty chunk: "ingest._".
#26 262.4 Generated an empty chunk: "share._slug.opengraph".
#26 262.4 Generated an empty chunk: "avatar._id".
#26 262.4 Generated an empty chunk: "branding.logo.team._teamId".
#26 262.4 Generated an empty chunk: "health".
#26 262.4 Generated an empty chunk: "limits".
#26 262.4 Generated an empty chunk: "locale".
#26 262.4 Generated an empty chunk: "stripe.webhook".
#26 262.4 Generated an empty chunk: "theme".
#26 262.4 Generated an empty chunk: "webhook.trigger".
#26 264.6 rendering chunks...
#26 275.5 computing gzip size...
#26 277.2 build/client/assets/logo_icon-B_xTFJYh.png                                    8.20 kB
#26 277.2 build/client/assets/timur-CKDH0W6z.png                                       83.75 kB
#26 277.2 build/client/assets/caveat-BYntRDEI.ttf                                     252.08 kB
#26 277.2 build/client/.vite/manifest.json                                            302.48 kB │ gzip:  23.37 kB
#26 277.2 build/client/assets/inter-regular-CKX1N0ak.ttf                              309.83 kB
#26 277.2 build/client/assets/pdf.worker.min-DKQKFyKK.js                            1,087.21 kB
#26 277.2 build/client/assets/background-pattern-BsfzDmOO.png                       1,376.03 kB
#26 277.2 build/client/assets/community-cards-BX8rKtd3.png                          4,676.34 kB
#26 277.2 build/client/assets/signing-celebration-CFXwxZ1Q.png                     20,728.32 kB
#26 277.2 build/client/assets/pdf-viewer-UJmc8kAe.css                                   9.14 kB │ gzip:   1.97 kB
#26 277.2 build/client/assets/app-Fhb93p15.css                                        123.66 kB │ gzip:  21.77 kB
#26 277.2 build/client/assets/_index-l0sNRNKZ.js                                        0.00 kB │ gzip:   0.02 kB
#26 277.2 build/client/assets/_index-DP2rzg_V.js                                        0.00 kB │ gzip:   0.02 kB
#26 277.2 build/client/assets/_index-K6Dvbx-E.js                                        0.00 kB │ gzip:   0.02 kB
#26 277.2 build/client/assets/ingest._-l0sNRNKZ.js                                      0.00 kB │ gzip:   0.02 kB
#26 277.2 build/client/assets/share._slug.opengraph-l0sNRNKZ.js                         0.00 kB │ gzip:   0.02 kB
#26 277.2 build/client/assets/avatar._id-l0sNRNKZ.js                                    0.00 kB │ gzip:   0.02 kB
#26 277.2 build/client/assets/branding.logo.team._teamId-l0sNRNKZ.js                    0.00 kB │ gzip:   0.02 kB
#26 277.2 build/client/assets/health-l0sNRNKZ.js                                        0.00 kB │ gzip:   0.02 kB
#26 277.2 build/client/assets/limits-l0sNRNKZ.js                                        0.00 kB │ gzip:   0.02 kB
#26 277.2 build/client/assets/locale-l0sNRNKZ.js                                        0.00 kB │ gzip:   0.02 kB
#26 277.2 build/client/assets/stripe.webhook-l0sNRNKZ.js                                0.00 kB │ gzip:   0.02 kB
#26 277.2 build/client/assets/theme-l0sNRNKZ.js                                         0.00 kB │ gzip:   0.02 kB
#26 277.2 build/client/assets/webhook.trigger-l0sNRNKZ.js                               0.00 kB │ gzip:   0.02 kB
#26 277.2 build/client/assets/background-pattern-DX6wSrx_.js                            0.07 kB │ gzip:   0.09 kB
#26 277.2 build/client/assets/tiny-invariant-CopsF_GD.js                                0.08 kB │ gzip:   0.10 kB
#26 277.2 build/client/assets/avatars-D8nCoLkI.js                                       0.10 kB │ gzip:   0.11 kB
#26 277.2 build/client/assets/trpc-Bu1ev0Mj.js                                          0.11 kB │ gzip:   0.12 kB
#26 277.2 build/client/assets/_index-D_e3zvX8.js                                        0.13 kB │ gzip:   0.14 kB
#26 277.2 build/client/assets/circle-BlB_yF06.js                                        0.13 kB │ gzip:   0.14 kB
#26 277.2 build/client/assets/chevron-down-DKaMOM1I.js                                  0.14 kB │ gzip:   0.15 kB
#26 277.2 build/client/assets/chevron-up-COW4-BK-.js                                    0.14 kB │ gzip:   0.15 kB
#26 277.2 build/client/assets/types-BxFD2-Bl.js                                         0.14 kB │ gzip:   0.12 kB
#26 277.2 build/client/assets/chevron-left-B0kjKk1V.js                                  0.14 kB │ gzip:   0.15 kB
#26 277.2 build/client/assets/chevron-right-Bj8hmkd6.js                                 0.14 kB │ gzip:   0.15 kB
#26 277.2 build/client/assets/check-BWoDJJkA.js                                         0.14 kB │ gzip:   0.15 kB
#26 277.2 build/client/assets/use-is-mounted-DIdCxGYJ.js                                0.14 kB │ gzip:   0.14 kB
#26 277.2 build/client/assets/super-json-loader-Byjew-WE.js                             0.14 kB │ gzip:   0.14 kB
#26 277.2 build/client/assets/recipient-formatter-WzUNI0pB.js                           0.15 kB │ gzip:   0.13 kB
#26 277.2 build/client/assets/document-visibility-CuR7zJ93.js                           0.15 kB │ gzip:   0.15 kB
#26 277.2 build/client/assets/templates-BtGAwXAW.js                                     0.16 kB │ gzip:   0.15 kB
#26 277.2 build/client/assets/plus-D1CnU1Hn.js                                          0.16 kB │ gzip:   0.16 kB
#26 277.2 build/client/assets/x-Vg_iJuVI.js                                             0.16 kB │ gzip:   0.16 kB
#26 277.2 build/client/assets/pen-8V_oB2da.js                                           0.16 kB │ gzip:   0.17 kB
#26 277.2 build/client/assets/move-right-jp9gxT1x.js                                    0.18 kB │ gzip:   0.17 kB
#26 277.2 build/client/assets/chevrons-up-down-D8u7a_-S.js                              0.18 kB │ gzip:   0.17 kB
#26 277.2 build/client/assets/document-BMl3L2wU.js                                      0.18 kB │ gzip:   0.17 kB
#26 277.2 build/client/assets/index-DSbzXdNi.js                                         0.19 kB │ gzip:   0.18 kB
#26 277.2 build/client/assets/clock-BjOR-py3.js                                         0.19 kB │ gzip:   0.18 kB
#26 277.2 build/client/assets/clock-8-CDE-f1ak.js                                       0.19 kB │ gzip:   0.18 kB
#26 277.2 build/client/assets/___vite-browser-external_commonjs-proxy-N0UbpxAF.js       0.19 kB │ gzip:   0.18 kB
#26 277.2 build/client/assets/use-debounced-value-C_NiMGBN.js                           0.20 kB │ gzip:   0.17 kB
#26 277.2 build/client/assets/eye-jZ-PFLKL.js                                           0.20 kB │ gzip:   0.18 kB
#26 277.2 build/client/assets/user-DCqezgJQ.js                                          0.20 kB │ gzip:   0.19 kB
#26 277.2 build/client/assets/info-DYkqf4-4.js                                          0.21 kB │ gzip:   0.18 kB
#26 277.2 build/client/assets/x-circle-r6Z0wCb3.js                                      0.21 kB │ gzip:   0.18 kB
#26 277.2 build/client/assets/skeleton-D2zgjR7Y.js                                      0.21 kB │ gzip:   0.18 kB
#26 277.2 build/client/assets/lock-Chrv_zsL.js                                          0.21 kB │ gzip:   0.20 kB
#26 277.2 build/client/assets/params-BdIAu-rP.js                                        0.22 kB │ gzip:   0.19 kB
#26 277.2 build/client/assets/mail-SdGlzYaW.js                                          0.22 kB │ gzip:   0.21 kB
#26 277.2 build/client/assets/check-circle-2-Ch3kjXHW.js                                0.23 kB │ gzip:   0.20 kB
#26 277.2 build/client/assets/check-square-R04GwruN.js                                  0.23 kB │ gzip:   0.20 kB
#26 277.2 build/client/assets/more-horizontal-h5rnCOmm.js                               0.24 kB │ gzip:   0.17 kB
#26 277.2 build/client/assets/file-CLbJWpLQ.js                                          0.24 kB │ gzip:   0.21 kB
#26 277.2 build/client/assets/copy-DfwjER0t.js                                          0.24 kB │ gzip:   0.21 kB
#26 277.2 build/client/assets/index-D3hSmc9O.js                                         0.24 kB │ gzip:   0.18 kB
#26 277.2 build/client/assets/history-eizalNhe.js                                       0.25 kB │ gzip:   0.20 kB
#26 277.2 build/client/assets/chunk-WIMGWYZL-BLb5qahu.js                                0.25 kB │ gzip:   0.19 kB
#26 277.2 build/client/assets/users-2-Dc8Fi3Sa.js                                       0.25 kB │ gzip:   0.21 kB
#26 277.2 build/client/assets/use-analytics-DKge8i-I.js                                 0.25 kB │ gzip:   0.18 kB
#26 277.2 build/client/assets/use-update-search-params-qwv3JeBq.js                      0.25 kB │ gzip:   0.22 kB
#26 277.2 build/client/assets/animate-generic-fade-in-out-B5m7rYgn.js                   0.25 kB │ gzip:   0.19 kB
#26 277.2 build/client/assets/pen-square-DKm69xDv.js                                    0.25 kB │ gzip:   0.21 kB
#26 277.2 build/client/assets/trash-MZtMs1Po.js                                         0.25 kB │ gzip:   0.21 kB
#26 277.2 build/client/assets/settings-2-ZEG8--lZ.js                                    0.26 kB │ gzip:   0.20 kB
#26 277.2 build/client/assets/link-CyiLKHXi.js                                          0.26 kB │ gzip:   0.20 kB
#26 277.2 build/client/assets/upload-Df9J-Ey4.js                                        0.27 kB │ gzip:   0.23 kB
#26 277.2 build/client/assets/download-tGMx_dOK.js                                      0.27 kB │ gzip:   0.23 kB
#26 277.2 build/client/assets/alert-triangle-DqmURx_z.js                                0.27 kB │ gzip:   0.22 kB
#26 277.2 build/client/assets/download-file-3Be3-k_S.js                                 0.28 kB │ gzip:   0.21 kB
#26 277.2 build/client/assets/mail-open-C-ka0AqP.js                                     0.30 kB │ gzip:   0.23 kB
#26 277.2 build/client/assets/users-CQnsx1_Y.js                                         0.31 kB │ gzip:   0.23 kB
#26 277.2 build/client/assets/document-auth-CXmf44vq.js                                 0.32 kB │ gzip:   0.23 kB
#26 277.2 build/client/assets/banner-BsGyHMNm.js                                        0.33 kB │ gzip:   0.23 kB
#26 277.2 build/client/assets/with-props-DCgzm0Z9.js                                    0.35 kB │ gzip:   0.21 kB
#26 277.2 build/client/assets/team-CDgTfUx1.js                                          0.36 kB │ gzip:   0.27 kB
#26 277.2 build/client/assets/trash-2-DcWx5_uY.js                                       0.37 kB │ gzip:   0.25 kB
#26 277.2 build/client/assets/i18n-q5ueuSEH.js                                          0.38 kB │ gzip:   0.26 kB
#26 277.2 build/client/assets/download-pdf-BRRGMYTw.js                                  0.39 kB │ gzip:   0.28 kB
#26 277.2 build/client/assets/app-eqninY9P.js                                           0.39 kB │ gzip:   0.29 kB
#26 277.2 build/client/assets/_layout-D4RwkI3D.js                                       0.40 kB │ gzip:   0.29 kB
#26 277.2 build/client/assets/eye-off-CcOiZlvk.js                                       0.41 kB │ gzip:   0.28 kB
#26 277.2 build/client/assets/globe-2-CPJs-uTl.js                                       0.41 kB │ gzip:   0.28 kB
#26 277.2 build/client/assets/unit-convertions-CH-p1Efv.js                              0.42 kB │ gzip:   0.28 kB
#26 277.2 build/client/assets/index-CvGEEvAP.js                                         0.42 kB │ gzip:   0.32 kB
#26 277.2 build/client/assets/document-auth-BNhOvNSu.js                                 0.44 kB │ gzip:   0.27 kB
#26 277.2 build/client/assets/settings-header-DJxDrPMc.js                               0.52 kB │ gzip:   0.33 kB
#26 277.2 build/client/assets/embed-authoring-base-schema-D-YwtvT4.js                   0.52 kB │ gzip:   0.26 kB
#26 277.2 build/client/assets/index-CmjB6ViI.js                                         0.55 kB │ gzip:   0.36 kB
#26 277.2 build/client/assets/use-copy-to-clipboard-D6uoBds5.js                         0.56 kB │ gzip:   0.33 kB
#26 277.2 build/client/assets/index-mFllYV6C.js                                         0.58 kB │ gzip:   0.41 kB
#26 277.2 build/client/assets/template-direct-link-dialog-wrapper-CVpm0YmG.js           0.61 kB │ gzip:   0.40 kB
#26 277.2 build/client/assets/folder-type-CujUsp-v.js                                   0.61 kB │ gzip:   0.40 kB
#26 277.2 build/client/assets/pin-DJv_VPEr.js                                           0.61 kB │ gzip:   0.36 kB
#26 277.2 build/client/assets/textarea-CdGv7U9a.js                                      0.62 kB │ gzip:   0.41 kB
#26 277.2 build/client/assets/signature-XjoHhJBK.js                                     0.62 kB │ gzip:   0.45 kB
#26 277.2 build/client/assets/createLucideIcon-Bx3BghEP.js                              0.68 kB │ gzip:   0.47 kB
#26 277.2 build/client/assets/schema-C4nKaY1I.js                                        0.68 kB │ gzip:   0.36 kB
#26 277.2 build/client/assets/input-B3eHdVDR.js                                         0.69 kB │ gzip:   0.43 kB
#26 277.2 build/client/assets/webhook-BO0OOJfj.js                                       0.73 kB │ gzip:   0.45 kB
#26 277.2 build/client/assets/document-8ulznoup.js                                      0.73 kB │ gzip:   0.38 kB
#26 277.2 build/client/assets/settings-CM4H_Zk_.js                                      0.73 kB │ gzip:   0.35 kB
#26 277.2 build/client/assets/document-signature-settings-tooltip-5fDPhNJE.js           0.81 kB │ gzip:   0.37 kB
#26 277.2 build/client/assets/check-email-a5N0Mmfp.js                                   0.83 kB │ gzip:   0.46 kB
#26 277.2 build/client/assets/reset-password._index-yOUqq0ga.js                         0.84 kB │ gzip:   0.46 kB
#26 277.2 build/client/assets/get-file-BerAGI70.js                                      0.85 kB │ gzip:   0.49 kB
#26 277.2 build/client/assets/auth-DXc5bBOL.js                                          0.85 kB │ gzip:   0.46 kB
#26 277.2 build/client/assets/search-params-DYFrkcXt.js                                 0.87 kB │ gzip:   0.34 kB
#26 277.2 build/client/assets/_layout-viqW5wTd.js                                       0.88 kB │ gzip:   0.51 kB
#26 277.2 build/client/assets/password-input-D9QlulBL.js                                0.88 kB │ gzip:   0.51 kB
#26 277.2 build/client/assets/webauthn-aT2wFrEw.js                                      0.91 kB │ gzip:   0.36 kB
#26 277.2 build/client/assets/index-D3mnJ8MZ.js                                         0.94 kB │ gzip:   0.58 kB
#26 277.2 build/client/assets/jsx-runtime-BsvhVH8s.js                                   1.01 kB │ gzip:   0.63 kB
#26 277.2 build/client/assets/verify-email._index-CtXDDckX.js                           1.04 kB │ gzip:   0.54 kB
#26 277.2 build/client/assets/_layout-_vB89PkQ.js                                       1.06 kB │ gzip:   0.66 kB
#26 277.2 build/client/assets/authoring_.completed.create-BbixbTF7.js                   1.07 kB │ gzip:   0.60 kB
#26 277.2 build/client/assets/waiting-ByhdmwZb.js                                       1.08 kB │ gzip:   0.54 kB
#26 277.2 build/client/assets/document-signing-auth-page-40XaH_B9.js                    1.08 kB │ gzip:   0.65 kB
#26 277.2 build/client/assets/badge-OOtf8Eld.js                                         1.10 kB │ gzip:   0.49 kB
#26 277.2 build/client/assets/meta-VbcOlVMV.js                                          1.15 kB │ gzip:   0.55 kB
#26 277.2 build/client/assets/index-CT2or1d8.js                                         1.19 kB │ gzip:   0.60 kB
#26 277.2 build/client/assets/document-status-2-gXuRiT.js                               1.22 kB │ gzip:   0.63 kB
#26 277.2 build/client/assets/use-toast-DEHVGo5e.js                                     1.22 kB │ gzip:   0.65 kB
#26 277.2 build/client/assets/recipient-roles-BFhgDqV5.js                               1.26 kB │ gzip:   0.46 kB
#26 277.2 build/client/assets/subscriptions-BCTLqQaO.js                                 1.27 kB │ gzip:   0.57 kB
#26 277.2 build/client/assets/index-DnrD5nfb.js                                         1.27 kB │ gzip:   0.64 kB
#26 277.2 build/client/assets/schema-DoxEoETL.js                                        1.34 kB │ gzip:   0.60 kB
#26 277.2 build/client/assets/put-file-R-uzKDvF.js                                      1.39 kB │ gzip:   0.71 kB
#26 277.2 build/client/assets/alert-Cyo9hP_Q.js                                         1.40 kB │ gzip:   0.64 kB
#26 277.2 build/client/assets/settings.tokens-CA4nudm0.js                               1.43 kB │ gzip:   0.65 kB
#26 277.2 build/client/assets/session-ClR2wZgp.js                                       1.57 kB │ gzip:   0.76 kB
#26 277.2 build/client/assets/document-auth-DH4OO3CO.js                                 1.58 kB │ gzip:   0.59 kB
#26 277.3 build/client/assets/legacy-field-warning-popover-D8Ee9vV2.js                  1.60 kB │ gzip:   0.82 kB
#26 277.3 build/client/assets/zod-Bh2Bvjv7.js                                           1.61 kB │ gzip:   0.80 kB
#26 277.3 build/client/assets/table-CE_5DGbf.js                                         1.61 kB │ gzip:   0.61 kB
#26 277.3 build/client/assets/team.decline._token-DScWAdXu.js                           1.74 kB │ gzip:   0.64 kB
#26 277.3 build/client/assets/team.invite._token-DUZnCimp.js                            1.75 kB │ gzip:   0.64 kB
#26 277.3 build/client/assets/team.verify.email._token-qqxV1cuf.js                      1.75 kB │ gzip:   0.58 kB
#26 277.3 build/client/assets/teams-DusW2rWe.js                                         1.76 kB │ gzip:   0.84 kB
#26 277.3 build/client/assets/team.verify.transfer._token-DV__gI8t.js                   1.77 kB │ gzip:   0.60 kB
#26 277.3 build/client/assets/documents.folders._index-BS2vGBQp.js                      1.80 kB │ gzip:   0.77 kB
#26 277.3 build/client/assets/templates.folders._index-DGfwRkL3.js                      1.82 kB │ gzip:   0.78 kB
#26 277.3 build/client/assets/documents._id.logs-B9RJqXaf.js                            1.83 kB │ gzip:   0.79 kB
#26 277.3 build/client/assets/documents.f._folderId._id.logs-CbAaF_Qt.js                1.84 kB │ gzip:   0.80 kB
#26 277.3 build/client/assets/validate-text-Cbw4ep2h.js                                 1.85 kB │ gzip:   0.76 kB
#26 277.3 build/client/assets/rejected-BiHUv-ig.js                                      1.88 kB │ gzip:   0.86 kB
#26 277.3 build/client/assets/signup-BI8Dkuem.js                                        1.95 kB │ gzip:   0.88 kB
#26 277.3 build/client/assets/app-error-C1BeOuq8.js                                     1.97 kB │ gzip:   0.87 kB
#26 277.3 build/client/assets/articles.signature-disclosure-8qsfBB2_.js                 1.99 kB │ gzip:   0.66 kB
#26 277.3 build/client/assets/generic-error-layout-CDcUNMpl.js                          2.13 kB │ gzip:   1.01 kB
#26 277.3 build/client/assets/index-BXSD4Mk9.js                                         2.16 kB │ gzip:   0.96 kB
#26 277.3 build/client/assets/signin-B5pB_Chw.js                                        2.18 kB │ gzip:   1.02 kB
#26 277.3 build/client/assets/settings.public-profile-CKOOrN5F.js                       2.19 kB │ gzip:   0.96 kB
#26 277.3 build/client/assets/document-signing-reject-dialog-C8TLhzWk.js                2.22 kB │ gzip:   1.09 kB
#26 277.3 build/client/assets/index-BpBQ4hf7.js                                         2.22 kB │ gzip:   0.84 kB
#26 277.3 build/client/assets/forgot-password-BRO5LVXD.js                               2.33 kB │ gzip:   1.10 kB
#26 277.3 build/client/assets/field-BqO5bSO1.js                                         2.35 kB │ gzip:   1.14 kB
#26 277.3 build/client/assets/template-folder-create-dialog-C1c5N8iH.js                 2.35 kB │ gzip:   1.20 kB
#26 277.3 build/client/assets/folder-create-dialog-u6ME1b10.js                          2.38 kB │ gzip:   1.21 kB
#26 277.3 build/client/assets/client-BgMrxNL0.js                                        2.40 kB │ gzip:   1.06 kB
#26 277.3 build/client/assets/index-DBaltOaT.js                                         2.41 kB │ gzip:   1.11 kB
#26 277.3 build/client/assets/multi-select-combobox--tN3edV-.js                         2.46 kB │ gzip:   1.23 kB
#26 277.3 build/client/assets/index-CiloUR2t.js                                         2.51 kB │ gzip:   1.27 kB
#26 277.3 build/client/assets/unverified-account-CJ5N5Hta.js                            2.52 kB │ gzip:   1.20 kB
#26 277.3 build/client/assets/avatar-DGM43okv.js                                        2.54 kB │ gzip:   1.13 kB
#26 277.3 build/client/assets/_layout-DepreUH_.js                                       2.56 kB │ gzip:   1.20 kB
#26 277.3 build/client/assets/document-read-only-fields-BB_uT0XA.js                     2.57 kB │ gzip:   1.23 kB
#26 277.3 build/client/assets/switch-_DVlSSSg.js                                        2.59 kB │ gzip:   1.30 kB
#26 277.3 build/client/assets/schema-DOC9PLYD.js                                        2.66 kB │ gzip:   0.83 kB
#26 277.3 build/client/assets/field-tooltip-CVwDn0VR.js                                 2.71 kB │ gzip:   1.27 kB
#26 277.3 build/client/assets/card-DbtDHX3a.js                                          2.92 kB │ gzip:   1.23 kB
#26 277.3 build/client/assets/document-flow-root-C4Xt4YwU.js                            2.92 kB │ gzip:   1.40 kB
#26 277.3 build/client/assets/data-table-pagination-CDGNb3ik.js                         2.99 kB │ gzip:   1.07 kB
#26 277.3 build/client/assets/sheet-D6mJjYwg.js                                         3.00 kB │ gzip:   1.10 kB
#26 277.3 build/client/assets/_layout-C3ppZ9JH.js                                       3.07 kB │ gzip:   1.32 kB
#26 277.3 build/client/assets/index-BElTFh1a.js                                         3.08 kB │ gzip:   1.37 kB
#26 277.3 build/client/assets/templates.f._folderId._index-BMzVFX_h.js                  3.11 kB │ gzip:   1.30 kB
#26 277.3 build/client/assets/checkbox-CTV4jbvB.js                                      3.11 kB │ gzip:   1.52 kB
#26 277.3 build/client/assets/templates._index-GX3DBuNc.js                              3.16 kB │ gzip:   1.32 kB
#26 277.3 build/client/assets/users._index-ChBTjoLm.js                                  3.18 kB │ gzip:   1.43 kB
#26 277.3 build/client/assets/reset-password._token-8ay84IKP.js                         3.19 kB │ gzip:   1.44 kB
#26 277.3 build/client/assets/avatar-image-BStv8tiu.js                                  3.19 kB │ gzip:   1.54 kB
#26 277.3 build/client/assets/webhooks._index-B8tO18KE.js                               3.26 kB │ gzip:   1.43 kB
#26 277.3 build/client/assets/settings.webhooks._index-C6kNNG-i.js                      3.31 kB │ gzip:   1.46 kB
#26 277.3 build/client/assets/index-CUqzyF4r.js                                         3.34 kB │ gzip:   1.52 kB
#26 277.3 build/client/assets/folder-card-D7BNrJLa.js                                   3.35 kB │ gzip:   1.16 kB
#26 277.3 build/client/assets/tabs-DCIM29ll.js                                          3.42 kB │ gzip:   1.43 kB
#26 277.3 build/client/assets/security.activity-bUl76LRw.js                             3.43 kB │ gzip:   1.52 kB
#26 277.3 build/client/assets/_layout-BAkGZJRh.js                                       3.43 kB │ gzip:   1.18 kB
#26 277.3 build/client/assets/index-Dvel0NTz.js                                         3.48 kB │ gzip:   1.54 kB
#26 277.3 build/client/assets/embed-document-fields-B3HeGXwU.js                         3.49 kB │ gzip:   1.30 kB
#26 277.3 build/client/assets/document-audit-logs-DYsfa9Ns.js                           3.51 kB │ gzip:   1.00 kB
#26 277.3 build/client/assets/index-CzSo75J_.js                                         3.55 kB │ gzip:   1.55 kB
#26 277.3 build/client/assets/index-6G2Ejjyh.js                                         3.55 kB │ gzip:   1.61 kB
#26 277.3 build/client/assets/passkey-create-dialog-DSkHT8U-.js                         3.60 kB │ gzip:   1.65 kB
#26 277.3 build/client/assets/leaderboard-R-a6ZGgA.js                                   3.75 kB │ gzip:   1.47 kB
#26 277.3 build/client/assets/documents._id._index-BURjhTeT.js                          3.76 kB │ gzip:   1.57 kB
#26 277.3 build/client/assets/documents.f._folderId._id._index-DCRuSWsH.js              3.77 kB │ gzip:   1.58 kB
#26 277.3 build/client/assets/verify-email._token-rh89Pcw8.js                           3.77 kB │ gzip:   1.18 kB
#26 277.3 build/client/assets/webhooks._id-BAc6KHWJ.js                                  3.79 kB │ gzip:   1.57 kB
#26 277.3 build/client/assets/entry.client-DJR21HdQ.js                                  3.84 kB │ gzip:   1.69 kB
#26 277.3 build/client/assets/settings.webhooks._id-0eEehCW0.js                         3.84 kB │ gzip:   1.60 kB
#26 277.3 build/client/assets/recipient-selector-B75xbFd3.js                            3.88 kB │ gzip:   1.77 kB
#26 277.3 build/client/assets/templates.f._folderId._id.edit-BAh_LpFQ.js                3.88 kB │ gzip:   1.64 kB
#26 277.3 build/client/assets/document-share-button-C-XJKWL5.js                         3.88 kB │ gzip:   1.75 kB
#26 277.3 build/client/assets/share._slug-C3JIEVGO.js                                   3.89 kB │ gzip:   1.76 kB
#26 277.3 build/client/assets/templates._id.edit-NpiViRKz.js                            3.92 kB │ gzip:   1.65 kB
#26 277.3 build/client/assets/documents.f._folderId._id.edit-DOtJTz-I.js                3.96 kB │ gzip:   1.66 kB
#26 277.3 build/client/assets/documents._id.edit-CIhq2H4I.js                            4.00 kB │ gzip:   1.67 kB
#26 277.3 build/client/assets/field-content-BVJ0GYNW.js                                 4.05 kB │ gzip:   1.60 kB
#26 277.3 build/client/assets/documents.folders._index-BKuoUMXf.js                      4.14 kB │ gzip:   1.66 kB
#26 277.3 build/client/assets/templates.folders._index-DMBfVRgP.js                      4.15 kB │ gzip:   1.66 kB
#26 277.3 build/client/assets/templates._id._index-Dip5a9Q8.js                          4.19 kB │ gzip:   1.74 kB
#26 277.3 build/client/assets/templates.f._folderId._id._index-DHJYareF.js              4.20 kB │ gzip:   1.75 kB
#26 277.3 build/client/assets/documents._index-D1-H_aXx.js                              4.23 kB │ gzip:   1.74 kB
#26 277.3 build/client/assets/_layout-BQ5OzK-l.js                                       4.24 kB │ gzip:   1.86 kB
#26 277.3 build/client/assets/index-CZvKkaJR.js                                         4.25 kB │ gzip:   1.57 kB
#26 277.3 build/client/assets/documents.f._folderId._index-BT4WWdml.js                  4.25 kB │ gzip:   1.75 kB
#26 277.3 build/client/assets/documents._index-BAlM7Cm-.js                              4.28 kB │ gzip:   1.80 kB
#26 277.3 build/client/assets/enable-authenticator-app-dialog-HbBdSdyk.js               4.35 kB │ gzip:   1.82 kB
#26 277.3 build/client/assets/audit-log-CGVJHg0c.js                                     4.38 kB │ gzip:   1.55 kB
#26 277.3 build/client/assets/documents._id.logs-C9LGUfl0.js                            4.39 kB │ gzip:   1.80 kB
#26 277.3 build/client/assets/_layout-D9OkUN-l.js                                       4.39 kB │ gzip:   1.89 kB
#26 277.3 build/client/assets/documents.f._folderId._id.logs-CGfW0tgb.js                4.41 kB │ gzip:   1.81 kB
#26 277.3 build/client/assets/button-B9noWlx4.js                                        4.47 kB │ gzip:   1.89 kB
#26 277.3 build/client/assets/_layout-W_3RKGE9.js                                       4.56 kB │ gzip:   2.03 kB
#26 277.3 build/client/assets/document-logs-table-DPAL47x3.js                           4.59 kB │ gzip:   1.81 kB
#26 277.3 build/client/assets/p._url-ti7yz_HS.js                                        4.59 kB │ gzip:   1.74 kB
#26 277.3 build/client/assets/_layout-l9lw2xVx.js                                       4.87 kB │ gzip:   0.96 kB
#26 277.3 build/client/assets/templates.f._folderId._id.edit-BqhwjmOQ.js                4.98 kB │ gzip:   2.17 kB
#26 277.3 build/client/assets/documents.f._folderId._id.edit-D3XoRqB5.js                5.03 kB │ gzip:   2.16 kB
#26 277.3 build/client/assets/template.create-DSb61Mi0.js                               5.08 kB │ gzip:   2.34 kB
#26 277.3 build/client/assets/webhook-delete-dialog-Ckpw3qf9.js                         5.16 kB │ gzip:   1.74 kB
#26 277.3 build/client/assets/templates._id.edit-CZdI3D_z.js                            5.17 kB │ gzip:   2.24 kB
#26 277.3 build/client/assets/settings._layout-DKq33Ggf.js                              5.19 kB │ gzip:   1.22 kB
#26 277.3 build/client/assets/document.create-1m2kLo_K.js                               5.26 kB │ gzip:   2.41 kB
#26 277.3 build/client/assets/documents._id.edit-CDuztn55.js                            5.29 kB │ gzip:   2.23 kB
#26 277.3 build/client/assets/document-signing-complete-dialog-ByTxUGMT.js              5.46 kB │ gzip:   1.74 kB
#26 277.3 build/client/assets/settings.billing-BaVhRw-H.js                              5.52 kB │ gzip:   2.28 kB
#26 277.3 build/client/assets/profile-CjTTZOtb.js                                       5.66 kB │ gzip:   2.20 kB
#26 277.3 build/client/assets/react-hotkeys-hook.esm-Cm2-TI0Z.js                        5.84 kB │ gzip:   2.33 kB
#26 277.3 build/client/assets/popover-YsHnhL3l.js                                       5.85 kB │ gzip:   2.16 kB
#26 277.3 build/client/assets/security.passkeys-Be1_S8KH.js                             6.26 kB │ gzip:   2.36 kB
#26 277.3 build/client/assets/folder-settings-dialog-XR2ABMCn.js                        6.26 kB │ gzip:   2.12 kB
#26 277.3 build/client/assets/stack-avatars-with-tooltip-Bp01M6rv.js                    6.27 kB │ gzip:   2.31 kB
#26 277.3 build/client/assets/template-folder-settings-dialog-Cndkywjv.js               6.37 kB │ gzip:   2.17 kB
#26 277.3 build/client/assets/documents.f._folderId._id._index-gHeCXloH.js              6.60 kB │ gzip:   2.68 kB
#26 277.3 build/client/assets/documents._id._index-CotS-cWm.js                          6.65 kB │ gzip:   2.69 kB
#26 277.3 build/client/assets/signin-JE2girxs.js                                        6.65 kB │ gzip:   2.52 kB
#26 277.3 build/client/assets/document-audit-logs-B1rm0pE4.js                           6.78 kB │ gzip:   1.60 kB
#26 277.3 build/client/assets/accordion-D5t1o-F7.js                                     6.83 kB │ gzip:   2.53 kB
#26 277.3 build/client/assets/document.edit._id-BCzEdEhr.js                             7.03 kB │ gzip:   2.95 kB
#26 277.3 build/client/assets/template.edit._id-DvPSgSn3.js                             7.03 kB │ gzip:   2.95 kB
#26 277.3 build/client/assets/index-BPTS2dXr.js                                         7.23 kB │ gzip:   2.48 kB
#26 277.3 build/client/assets/index-CDQ0f-r9.js                                         7.26 kB │ gzip:   2.59 kB
#26 277.3 build/client/assets/templates._index-B20zUWWb.js                              7.42 kB │ gzip:   2.81 kB
#26 277.3 build/client/assets/templates.f._folderId._id._index-B6o22YTL.js              7.46 kB │ gzip:   3.02 kB
#26 277.3 build/client/assets/index-Ghus40xJ.js                                         7.47 kB │ gzip:   2.66 kB
#26 277.3 build/client/assets/templates._id._index-C3UkRVnT.js                          7.53 kB │ gzip:   3.05 kB
#26 277.3 build/client/assets/certificate-CMXBzhYQ.js                                   7.71 kB │ gzip:   2.34 kB
#26 277.3 build/client/assets/dialog-pCDqybnv.js                                        7.74 kB │ gzip:   2.91 kB
#26 277.3 build/client/assets/documents._id-C9mRteZg.js                                 7.76 kB │ gzip:   2.77 kB
#26 277.3 build/client/assets/tooltip-BRjujI9Q.js                                       8.29 kB │ gzip:   3.07 kB
#26 277.3 build/client/assets/radio-group-DIkZlYU8.js                                   8.38 kB │ gzip:   2.91 kB
#26 277.3 build/client/assets/webhook-multiselect-combobox-BMHAl5Cj.js                  8.53 kB │ gzip:   3.32 kB
#26 277.3 build/client/assets/signing-card-DWRQGmjH.js                                  8.69 kB │ gzip:   3.95 kB
#26 277.3 build/client/assets/embed-base-schemas-C7t2llHp.js                            8.84 kB │ gzip:   3.02 kB
#26 277.3 build/client/assets/templates.f._folderId._index-BCYctSBi.js                  9.13 kB │ gzip:   2.97 kB
#26 277.3 build/client/assets/tokens-D6iBBcGp.js                                        9.26 kB │ gzip:   3.27 kB
#26 277.3 build/client/assets/users._id-Bl3y1FSs.js                                     9.40 kB │ gzip:   2.80 kB
#26 277.3 build/client/assets/security._index-YKKMmqln.js                               9.41 kB │ gzip:   3.04 kB
#26 277.3 build/client/assets/documents.f._folderId._index-DdD8AY-z.js                  9.45 kB │ gzip:   3.66 kB
#26 277.3 build/client/assets/documents._index-Btpt3uOz.js                              9.78 kB │ gzip:   3.75 kB
#26 277.3 build/client/assets/template-type-BfsL5Qv6.js                                 9.78 kB │ gzip:   3.57 kB
#26 277.3 build/client/assets/signup-BLc3vobs.js                                        9.81 kB │ gzip:   3.79 kB
#26 277.3 build/client/assets/document-recipient-link-copy-dialog-BmPUCtQG.js           9.95 kB │ gzip:   3.79 kB
#26 277.3 build/client/assets/complete-DQKn8XkX.js                                     10.26 kB │ gzip:   3.93 kB
#26 277.3 build/client/assets/i18n-CWkkS3I4.js                                         10.34 kB │ gzip:   4.13 kB
#26 277.3 build/client/assets/documents-table-action-dropdown-BUDYR_UU.js              10.39 kB │ gzip:   3.65 kB
#26 277.3 build/client/assets/direct._url-Dqw8NFCH.js                                  10.48 kB │ gzip:   4.03 kB
#26 277.3 build/client/assets/pin-input-Yfh1yrmv.js                                    10.90 kB │ gzip:   4.39 kB
#26 277.3 build/client/assets/index-uMaEQMxp.js                                        10.98 kB │ gzip:   4.28 kB
#26 277.3 build/client/assets/settings.preferences-_fjBHstp.js                         11.58 kB │ gzip:   3.81 kB
#26 277.3 build/client/assets/signing-order-confirmation-BSuiy21J.js                   11.74 kB │ gzip:   3.71 kB
#26 277.3 build/client/assets/template-page-view-recipients-DvgrbQFN.js                11.84 kB │ gzip:   3.77 kB
#26 277.3 build/client/assets/get-base-url-C3Kzlir2.js                                 11.97 kB │ gzip:   4.53 kB
#26 277.3 build/client/assets/templates-table-BRu0oE9N.js                              12.45 kB │ gzip:   3.83 kB
#26 277.3 build/client/assets/sign._url-Da4_K4OH.js                                    12.83 kB │ gzip:   4.65 kB
#26 277.3 build/client/assets/site-settings-lt_SuTjU.js                                13.43 kB │ gzip:   5.28 kB
#26 277.3 build/client/assets/_index-B4bowV-l.js                                       13.95 kB │ gzip:   5.11 kB
#26 277.3 build/client/assets/documents-table-sender-filter-C1F3_g_t.js                14.06 kB │ gzip:   5.05 kB
#26 277.3 build/client/assets/document-page-view-recipients-DeuJgRtg.js                14.52 kB │ gzip:   4.37 kB
#26 277.3 build/client/assets/index-BV3FmE6r.js                                        14.87 kB │ gzip:   4.47 kB
#26 277.3 build/client/assets/app-header-Bpi93Z2Y.js                                   16.29 kB │ gzip:   5.58 kB
#26 277.3 build/client/assets/Combination-P7axVuLw.js                                  16.91 kB │ gzip:   6.40 kB
#26 277.3 build/client/assets/schema-D-ITMofF.js                                       17.20 kB │ gzip:   4.12 kB
#26 277.3 build/client/assets/ua-parser-CeJ9L3zE.js                                    18.49 kB │ gzip:   8.13 kB
#26 277.3 build/client/assets/teams-BZ6t9IJD.js                                        19.22 kB │ gzip:   5.75 kB
#26 277.3 build/client/assets/root-DSSsAvd0.js                                         19.55 kB │ gzip:   7.21 kB
#26 277.3 build/client/assets/branding-logo-BA0ZTXEL.js                                20.33 kB │ gzip:  15.41 kB
#26 277.3 build/client/assets/select-BPfL5ssJ.js                                       20.50 kB │ gzip:   7.26 kB
#26 277.3 build/client/assets/signature-pad-dialog-DB4d6P31.js                         20.64 kB │ gzip:   7.39 kB
#26 277.3 build/client/assets/utils-DDt6j9Pt.js                                        20.71 kB │ gzip:   6.77 kB
#26 277.3 build/client/assets/dropdown-menu-DFEy5G1H.js                                20.75 kB │ gzip:   6.16 kB
#26 277.3 build/client/assets/settings._index-CcVIzzt5.js                              20.90 kB │ gzip:   5.54 kB
#26 277.3 build/client/assets/_index-Ceoxc6kE.js                                       21.50 kB │ gzip:   7.02 kB
#26 277.3 build/client/assets/templates-table-action-dropdown-CTgLJydT.js              21.80 kB │ gzip:   6.58 kB
#26 277.3 build/client/assets/public-profile-BwmGLi-i.js                               25.08 kB │ gzip:   7.42 kB
#26 277.3 build/client/assets/index-CPjB-fiE.js                                        26.74 kB │ gzip:  10.28 kB
#26 277.3 build/client/assets/configure-fields-view-CvvZ7U0H.js                        30.56 kB │ gzip:   9.30 kB
#26 277.3 build/client/assets/form-DToII8H4.js                                         31.28 kB │ gzip:  11.68 kB
#26 277.3 build/client/assets/command-Dp6vEMUt.js                                      35.39 kB │ gzip:  12.26 kB
#26 277.3 build/client/assets/settings.members-CINoqo5a.js                             37.89 kB │ gzip:  12.88 kB
#26 277.3 build/client/assets/template-edit-form-CB8js3AZ.js                           41.06 kB │ gzip:  11.32 kB
#26 277.3 build/client/assets/document-signing-text-field-BJMetcOm.js                  43.40 kB │ gzip:  11.23 kB
#26 277.3 build/client/assets/document-edit-form-59SyiIMZ.js                           44.35 kB │ gzip:  12.29 kB
#26 277.3 build/client/assets/data-table-BGch-XR1.js                                   51.75 kB │ gzip:  13.99 kB
#26 277.3 build/client/assets/index-browser-D0KAYW2X.js                                53.07 kB │ gzip:  18.51 kB
#26 277.3 build/client/assets/index-DKIwcw9e.js                                        56.77 kB │ gzip:  16.69 kB
#26 277.3 build/client/assets/index-CQrG9dac.js                                        59.60 kB │ gzip:  16.64 kB
#26 277.3 build/client/assets/index-CaItIk3R.js                                        60.19 kB │ gzip:  14.41 kB
#26 277.3 build/client/assets/datetime-CJSQP4eG.js                                     69.53 kB │ gzip:  21.58 kB
#26 277.3 build/client/assets/web-BA36FmrH.js                                          89.67 kB │ gzip:  28.77 kB
#26 277.3 build/client/assets/web-Drn3KtWg.js                                          89.67 kB │ gzip:  28.77 kB
#26 277.3 build/client/assets/web-D0KJOJum.js                                          89.67 kB │ gzip:  28.77 kB
#26 277.3 build/client/assets/web-CO4pSdoE.js                                          96.34 kB │ gzip:  32.74 kB
#26 277.3 build/client/assets/web-Mn29t6wa.js                                          98.68 kB │ gzip:  31.08 kB
#26 277.3 build/client/assets/motion-ciRpxeh8.js                                       98.88 kB │ gzip:  33.33 kB
#26 277.3 build/client/assets/web-CXlzAoA6.js                                          99.39 kB │ gzip:  31.48 kB
#26 277.3 build/client/assets/web-BXDUxbnh.js                                         100.75 kB │ gzip:  31.79 kB
#26 277.3 build/client/assets/web-1UyMEAHm.js                                         104.65 kB │ gzip:  33.00 kB
#26 277.3 build/client/assets/chunk-IR6S3I6Y-DtM6IMk3.js                              106.24 kB │ gzip:  36.09 kB
#26 277.3 build/client/assets/billing-BBsh6q-1.js                                     110.61 kB │ gzip:  32.26 kB
#26 277.3 build/client/assets/date-formats-CmSTXGwZ.js                                129.72 kB │ gzip:  24.85 kB
#26 277.3 build/client/assets/index-B0y8jBct.js                                       134.27 kB │ gzip:  43.21 kB
#26 277.3 build/client/assets/feature-flags-BDVXoLqq.js                               182.13 kB │ gzip:  57.34 kB
#26 277.3 build/client/assets/document-email-checkboxes-C666iCRr.js                   196.09 kB │ gzip:  55.91 kB
#26 277.3 build/client/assets/pdf-viewer-d-INsRiE.js                                  368.07 kB │ gzip: 108.37 kB
#26 277.3 build/client/assets/stats-EC7wA0mV.js                                       377.62 kB │ gzip: 104.86 kB
#26 277.3 ✓ built in 3m 6s
#26 279.1 vite v6.1.0 building SSR bundle for production...
#26 279.2 transforming...
#26 309.7 ../../packages/ui/primitives/multiselect.tsx (2:0): Error when using sourcemap for reporting an error: Can't resolve original location of error.
#26 356.3 ✓ 787 modules transformed.
#26 357.6 rendering chunks...
#26 359.4 build/server/assets/logo_icon-B_xTFJYh.png                                      8.20 kB
#26 359.4 build/server/.vite/manifest.json                                               12.95 kB
#26 359.4 build/server/assets/timur-CKDH0W6z.png                                         83.75 kB
#26 359.4 build/server/assets/caveat-BYntRDEI.ttf                                       252.08 kB
#26 359.4 build/server/assets/inter-regular-CKX1N0ak.ttf                                309.83 kB
#26 359.4 build/server/assets/background-pattern-BsfzDmOO.png                         1,376.03 kB
#26 359.4 build/server/assets/community-cards-BX8rKtd3.png                            4,676.34 kB
#26 359.4 build/server/assets/signing-celebration-CFXwxZ1Q.png                       20,728.32 kB
#26 359.4 build/server/assets/server-build-UJmc8kAe.css                                   9.14 kB
#26 359.4 build/server/assets/app-Fhb93p15.css                                          123.66 kB
#26 359.4 build/server/assets/render-custom-email-template-CJQVxdQl.js                    0.25 kB
#26 359.4 build/server/assets/template-image-Bw_fvXxw.js                                  0.38 kB
#26 359.4 build/server/assets/team-global-settings-to-branding-CAjZ75ky.js                0.41 kB
#26 359.4 build/server/assets/template-document-image-D7lbNhGc.js                         0.80 kB
#26 359.4 build/server/assets/put-file.server-CQ0BtlAu.js                                 1.91 kB
#26 359.4 build/server/index.js                                                           2.52 kB
#26 359.4 build/server/assets/team-join-BxDpJks1.js                                       3.13 kB
#26 359.4 build/server/assets/execute-webhook.handler-wZg3eo16.js                         3.85 kB
#26 359.4 build/server/assets/send-team-member-left-email.handler-g5SUNcTy.js             5.05 kB
#26 359.4 build/server/assets/send-team-member-joined-email.handler-BIv1XsZX.js           5.15 kB
#26 359.4 build/server/assets/send-team-deleted-email.handler-mBOx8PrH.js                 7.02 kB
#26 359.4 build/server/assets/send-password-reset-success-email.handler--zvegCQw.js       8.09 kB
#26 359.4 build/server/assets/send-document-cancelled-emails.handler-CkYZeX98.js          8.89 kB
#26 359.4 build/server/assets/send-recipient-signed-email.handler-B7o035nF.js             9.12 kB
#26 359.4 build/server/assets/send-confirmation-email.handler-BqZy73xv.js                 9.34 kB
#26 359.4 build/server/assets/render-email-with-i18n-KbiMfnA5.js                         10.39 kB
#26 359.4 build/server/assets/send-rejection-emails.handler-B8_nwIDi.js                  12.57 kB
#26 359.4 build/server/assets/send-signing-email.handler-tODJbXjr.js                     17.42 kB
#26 359.4 build/server/assets/bulk-send-template.handler-YlZJKmV-.js                     33.70 kB
#26 359.4 build/server/assets/seal-document.handler--ilouHL3.js                          60.02 kB
#26 359.4 build/server/assets/web-BfKtqjGt.js                                            89.68 kB
#26 359.4 build/server/assets/web-BsJdUqzw.js                                            89.68 kB
#26 359.4 build/server/assets/web-CDYd92SJ.js                                            89.68 kB
#26 359.4 build/server/assets/web-CtTisMKK.js                                            96.35 kB
#26 359.4 build/server/assets/web-BaWjqa51.js                                            98.69 kB
#26 359.4 build/server/assets/web-DTQeC8Fb.js                                            99.40 kB
#26 359.4 build/server/assets/web-CFOi7zrE.js                                           100.76 kB
#26 359.4 build/server/assets/web-CBJztQxd.js                                           104.66 kB
#26 359.4 build/server/assets/server-build-BAE2v3ue.js                                2,288.29 kB
#26 360.0 
#26 360.0 ✓ 1 asset moved from React Router server build to client assets.
#26 360.0 build/client/assets/server-build-UJmc8kAe.css
#26 360.0 
#26 360.0 ✓ built in 1m 21s
#26 DONE 363.0s

#27 [installer 14/18] RUN npm run build:server
#27 6.658 
#27 6.658 > @documenso/remix@1.10.3 build:server
#27 6.658 > cross-env NODE_ENV=production rollup -c rollup.config.mjs
#27 6.658 
#27 13.66 [36m
#27 13.66 [1mserver/router.ts[22m → [1mbuild/server/hono[22m...[39m
#27 118.9 [32mcreated [1mbuild/server/hono[22m in [1m1m 45.2s[22m[39m
#27 DONE 119.3s

#28 [installer 15/18] RUN cp server/main.js build/server/main.js
#28 DONE 0.2s

#29 [installer 16/18] RUN cp -r ../../packages/lib/translations build/server/hono/packages/lib/translations
#29 DONE 0.2s

#30 [installer 17/18] WORKDIR /app
#30 DONE 0.0s

#31 [installer 18/18] RUN npm prune --omit=dev
#31 3.129 npm warn EBADENGINE Unsupported engine {
#31 3.129 npm warn EBADENGINE   package: '@documenso/root@1.10.3',
#31 3.129 npm warn EBADENGINE   required: { npm: '>=10.7.0', node: '>=22.0.0' },
#31 3.129 npm warn EBADENGINE   current: { node: 'v20.19.5', npm: '10.8.2' }
#31 3.129 npm warn EBADENGINE }
#31 23.02 
#31 23.02 added 2 packages, changed 3 packages, and audited 2213 packages in 23s
#31 23.02 
#31 23.02 452 packages are looking for funding
#31 23.02   run `npm fund` for details
#31 23.45 
#31 23.45 56 vulnerabilities (8 low, 25 moderate, 17 high, 6 critical)
#31 23.45 
#31 23.45 To address issues that do not require attention, run:
#31 23.45   npm audit fix
#31 23.45 
#31 23.45 To address all issues possible (including breaking changes), run:
#31 23.45   npm audit fix --force
#31 23.45 
#31 23.45 Some issues need review, and may require choosing
#31 23.45 a different dependency.
#31 23.45 
#31 23.45 Run `npm audit` for details.
#31 DONE 23.7s

#32 [runner  4/10] COPY --from=installer /app ./
#32 DONE 31.0s

#33 [runner  5/10] RUN npx prisma generate --schema ./packages/prisma/schema.prisma
#33 2.793 Prisma schema loaded from packages/prisma/schema.prisma
#33 10.74 
#33 10.74 ✔ Generated Kysely types (1.8.0) to ./packages/prisma/generated in 297ms
#33 10.74 
#33 10.74 ✔ Generated Prisma Client (v5.22.0) to ./node_modules/@prisma/client in 522ms
#33 10.74 
#33 10.74 ✔ Generated Prisma Json Types Generator (3.2.2) to ./packages/prisma in 3.43s
#33 10.74 
#33 10.74 ✔ Generated Zod Prisma Types to ./packages/prisma/generated/zod in 1.39s
#33 10.74 
#33 10.74 Start by importing your Prisma Client (See: https://pris.ly/d/importing-client)
#33 10.74 
#33 10.74 Tip: Easily identify and fix slow SQL queries in your app. Optimize helps you enhance your visibility: https://pris.ly/--optimize
#33 10.74 
#33 11.16 npm notice
#33 11.16 npm notice New major version of npm available! 10.8.2 -> 11.6.1
#33 11.16 npm notice Changelog: https://github.com/npm/cli/releases/tag/v11.6.1
#33 11.16 npm notice To update run: npm install -g npm@11.6.1
#33 11.16 npm notice
#33 DONE 11.4s

#34 [runner  6/10] COPY --chown=nodejs:nodejs ./docker/start.sh /start.sh
#34 DONE 0.0s

#35 [runner  7/10] RUN chmod +x /start.sh
#35 DONE 0.2s

#36 [runner  8/10] WORKDIR /app/apps/remix
#36 DONE 0.0s

#37 [runner  9/10] RUN ls -la /app/apps/remix/build/server
#37 0.380 total 24
#37 0.380 drwxr-xr-x 4 root root 4096 Oct  8 04:48 .
#37 0.380 drwxr-xr-x 4 root root 4096 Oct  8 04:46 ..
#37 0.380 drwxr-xr-x 2 root root 4096 Oct  8 04:46 assets
#37 0.380 drwxr-xr-x 4 root root 4096 Oct  8 04:48 hono
#37 0.380 -rw-r--r-- 1 root root 2515 Oct  8 04:46 index.js
#37 0.380 -rw-r--r-- 1 root root 1035 Oct  8 04:48 main.js
#37 DONE 0.4s

#38 [runner 10/10] RUN ls -la /app/packages/prisma/schema.prisma
#38 0.213 -rw-r--r-- 1 root root 25492 Oct  7 22:27 /app/packages/prisma/schema.prisma
#38 DONE 0.2s

#39 exporting to image
#39 exporting layers
#39 exporting layers 143.2s done
#39 exporting manifest sha256:48e28effe42e8036c5191272398e7433fdf9de778f6e6cd76292a631a7c53284 0.0s done
#39 exporting config sha256:72d215bc92971b57e7f20607c928611240212d9783411ced2a539602cb3b6c5f 0.0s done
#39 exporting attestation manifest sha256:9cd9476f5ac4dbc474fe5097165f46c88162bf9d840cbe541ffd216aed0983ec 0.0s done
#39 exporting manifest list sha256:0a2a32bbe662feed4e05533a5e9a6f119456fce834d95806423db9bbcb8a15e9 0.0s done
#39 naming to docker.io/jesseframework/hubsign_by_documenso:latest
#39 naming to docker.io/jesseframework/hubsign_by_documenso:latest 0.0s done
#39 pushing layers
#39 ...

#40 [auth] jesseframework/hubsign_by_documenso:pull,push token for registry-1.docker.io
#40 DONE 0.0s

#39 exporting to image
#39 pushing layers 210.1s done
#39 pushing manifest for docker.io/jesseframework/hubsign_by_documenso:latest@sha256:0a2a32bbe662feed4e05533a5e9a6f119456fce834d95806423db9bbcb8a15e9
#39 pushing manifest for docker.io/jesseframework/hubsign_by_documenso:latest@sha256:0a2a32bbe662feed4e05533a5e9a6f119456fce834d95806423db9bbcb8a15e9 3.0s done
#39 DONE 356.8s
